0 info it worked if it ends with ok
1 verbose cli [ '/usr/local/bin/node', '/usr/local/bin/npm', 'run', 'seed' ]
2 info using npm@3.10.3
3 info using node@v6.4.0
4 verbose run-script [ 'preseed', 'seed', 'postseed' ]
5 info lifecycle juke@1.0.0~preseed: juke@1.0.0
6 silly lifecycle juke@1.0.0~preseed: no script for preseed, continuing
7 info lifecycle juke@1.0.0~seed: juke@1.0.0
8 verbose lifecycle juke@1.0.0~seed: unsafe-perm in lifecycle true
9 verbose lifecycle juke@1.0.0~seed: PATH: /usr/local/lib/node_modules/npm/bin/node-gyp-bin:/Users/sarasunshine/Documents/Fullstack/Week5/21-react-router/start/juke-react/node_modules/.bin:/usr/local/bin:/usr/local/bin:/usr/bin:/bin:/usr/sbin:/sbin:/Applications/Postgres.app/Contents/Versions/latest/bin
10 verbose lifecycle juke@1.0.0~seed: CWD: /Users/sarasunshine/Documents/Fullstack/Week5/21-react-router/start/juke-react
11 silly lifecycle juke@1.0.0~seed: Args: [ '-c', 'node ./bin/seed' ]
12 silly lifecycle juke@1.0.0~seed: Returned: code: 1  signal: null
13 info lifecycle juke@1.0.0~seed: Failed to exec seed script
14 verbose stack Error: juke@1.0.0 seed: `node ./bin/seed`
14 verbose stack Exit status 1
14 verbose stack     at EventEmitter.<anonymous> (/usr/local/lib/node_modules/npm/lib/utils/lifecycle.js:242:16)
14 verbose stack     at emitTwo (events.js:106:13)
14 verbose stack     at EventEmitter.emit (events.js:191:7)
14 verbose stack     at ChildProcess.<anonymous> (/usr/local/lib/node_modules/npm/lib/utils/spawn.js:40:14)
14 verbose stack     at emitTwo (events.js:106:13)
14 verbose stack     at ChildProcess.emit (events.js:191:7)
14 verbose stack     at maybeClose (internal/child_process.js:852:16)
14 verbose stack     at Process.ChildProcess._handle.onexit (internal/child_process.js:215:5)
15 verbose pkgid juke@1.0.0
16 verbose cwd /Users/sarasunshine/Documents/Fullstack/Week5/21-react-router/start/juke-react
17 error Darwin 15.5.0
18 error argv "/usr/local/bin/node" "/usr/local/bin/npm" "run" "seed"
19 error node v6.4.0
20 error npm  v3.10.3
21 error code ELIFECYCLE
22 error juke@1.0.0 seed: `node ./bin/seed`
22 error Exit status 1
23 error Failed at the juke@1.0.0 seed script 'node ./bin/seed'.
23 error Make sure you have the latest version of node.js and npm installed.
23 error If you do, this is most likely a problem with the juke package,
23 error not with npm itself.
23 error Tell the author that this fails on your system:
23 error     node ./bin/seed
23 error You can get information on how to open an issue for this project with:
23 error     npm bugs juke
23 error Or if that isn't available, you can get their info via:
23 error     npm owner ls juke
23 error There is likely additional logging output above.
24 verbose exit [ 1, true ]
